<?xml version="1.0" encoding="UTF-8"?>
<!-- Generated by org.testng.reporters.JUnitXMLReporter -->
<testsuite ignored="0" hostname="DESKTOP-5A1L8O5" failures="2" tests="5" name="Test" time="62.915" errors="0" timestamp="2026-03-22T23:26:27 IST">
  <testcase classname="testCases.TC003_LoginDDT" name="verify_loginDDT" time="5.002"/>
  <testcase classname="testCases.TC003_LoginDDT" name="verify_loginDDT" time="4.319">
    <failure type="java.lang.AssertionError" message="expected [true] but found [false]">
      <![CDATA[java.lang.AssertionError: expected [true] but found [false]
at testCases.TC003_LoginDDT.verify_loginDDT(TC003_LoginDDT.java:63)
at java.base/java.util.ArrayList.forEach(ArrayList.java:1596)
... Removed 29 stack frames]]>
    </failure>
  </testcase> <!-- verify_loginDDT -->
  <testcase classname="testCases.TC003_LoginDDT" name="verify_loginDDT" time="3.354">
    <failure type="java.lang.AssertionError" message="expected [true] but found [false]">
      <![CDATA[java.lang.AssertionError: expected [true] but found [false]
at testCases.TC003_LoginDDT.verify_loginDDT(TC003_LoginDDT.java:63)
at java.base/java.util.ArrayList.forEach(ArrayList.java:1596)
... Removed 29 stack frames]]>
    </failure>
  </testcase> <!-- verify_loginDDT -->
  <testcase classname="testCases.TC003_LoginDDT" name="verify_loginDDT" time="13.494"/>
  <testcase classname="testCases.TC003_LoginDDT" name="verify_loginDDT" time="4.817"/>
</testsuite> <!-- Test -->
